[2023-02-19 14:13:53,964] 15 root -INFO - >>>>>>>>>>>>>>>>>>>>>>>>>>>>>>>>>>>>>>>> Data Ingestion <<<<<<<<<<<<<<<<<<<<<<<<<<<<<<<<<<<<<<<<
[2023-02-19 14:13:53,964] 22 root -INFO - Exporting collection data as pandas dataframe
[2023-02-19 14:13:53,964] 9 root -INFO - Reading data from database :aps and collection :sensor
[2023-02-19 14:14:02,410] 11 root -INFO - found columns:Index(['_id', 'class', 'aa_000', 'ab_000', 'ac_000', 'ad_000', 'ae_000',
       'af_000', 'ag_000', 'ag_001',
       ...
       'ee_002', 'ee_003', 'ee_004', 'ee_005', 'ee_006', 'ee_007', 'ee_008',
       'ee_009', 'ef_000', 'eg_000'],
      dtype='object', length=172)
[2023-02-19 14:14:03,228] 14 root -INFO - Row and columns in df: (36188, 171)
[2023-02-19 14:14:03,228] 28 root -INFO - Save data in feature store
[2023-02-19 14:14:04,717] 32 root -INFO - Create feature store folder if not available
[2023-02-19 14:14:04,718] 38 root -INFO - Save df to feature store folder
[2023-02-19 14:14:09,543] 42 root -INFO - split dataset into train and test set
[2023-02-19 14:14:11,526] 46 root -INFO - create dataset directory folder if not available
[2023-02-19 14:14:11,527] 51 root -INFO - Save df to feature store folder
[2023-02-19 14:14:15,914] 63 root -INFO - Data ingestion artifact: DataIngestionArtifact(feature_store_file_path='/config/workspace/artifact/02192023__141353/data_ingestion/feature_store', train_file_path='/config/workspace/artifact/02192023__141353/data_ingestion/dataset/train.csv', test_file_path='/config/workspace/artifact/02192023__141353/data_ingestion/dataset/test.csv')
[2023-02-19 14:14:17,235] 22 root -INFO - Exporting collection data as pandas dataframe
[2023-02-19 14:14:17,236] 9 root -INFO - Reading data from database :aps and collection :sensor
[2023-02-19 14:14:24,542] 11 root -INFO - found columns:Index(['_id', 'class', 'aa_000', 'ab_000', 'ac_000', 'ad_000', 'ae_000',
       'af_000', 'ag_000', 'ag_001',
       ...
       'ee_002', 'ee_003', 'ee_004', 'ee_005', 'ee_006', 'ee_007', 'ee_008',
       'ee_009', 'ef_000', 'eg_000'],
      dtype='object', length=172)
[2023-02-19 14:14:25,243] 14 root -INFO - Row and columns in df: (36188, 171)
[2023-02-19 14:14:25,243] 28 root -INFO - Save data in feature store
[2023-02-19 14:14:26,569] 32 root -INFO - Create feature store folder if not available
[2023-02-19 14:14:26,569] 38 root -INFO - Save df to feature store folder
[2023-02-19 14:14:31,284] 42 root -INFO - split dataset into train and test set
[2023-02-19 14:14:32,993] 46 root -INFO - create dataset directory folder if not available
[2023-02-19 14:14:32,993] 51 root -INFO - Save df to feature store folder
[2023-02-19 14:14:37,299] 63 root -INFO - Data ingestion artifact: DataIngestionArtifact(feature_store_file_path='/config/workspace/artifact/02192023__141353/data_ingestion/feature_store', train_file_path='/config/workspace/artifact/02192023__141353/data_ingestion/dataset/train.csv', test_file_path='/config/workspace/artifact/02192023__141353/data_ingestion/dataset/test.csv')
[2023-02-19 14:14:38,482] 16 root -INFO - >>>>>>>>>>>>>>>>>>>>>>>>>>>>>>>>>>>>>>>> Data Validation <<<<<<<<<<<<<<<<<<<<<<<<<<<<<<<<<<<<<<<<
[2023-02-19 14:14:38,482] 88 root -INFO - Reading base dataframe
[2023-02-19 14:14:43,898] 91 root -INFO - Replace na value in base df
[2023-02-19 14:14:43,899] 93 root -INFO - Drop null values colums from base df
[2023-02-19 14:14:45,595] 96 root -INFO - Reading train dataframe
[2023-02-19 14:14:46,318] 98 root -INFO - Reading test dataframe
[2023-02-19 14:14:46,511] 101 root -INFO - Drop null values colums from train df
[2023-02-19 14:14:46,556] 103 root -INFO - Drop null values colums from test df
[2023-02-19 14:15:00,159] 112 root -INFO - Is all required columns present in train df
[2023-02-19 14:15:00,159] 114 root -INFO - Is all required columns present in test df
[2023-02-19 14:15:00,160] 118 root -INFO - As all column are available in train df hence detecting data drift
[2023-02-19 14:15:06,938] 121 root -INFO - As all column are available in test df hence detecting data drift
[2023-02-19 14:15:08,920] 125 root -INFO - Write reprt in yaml file
