[2023-02-19 14:20:19,482] 15 root -INFO - >>>>>>>>>>>>>>>>>>>>>>>>>>>>>>>>>>>>>>>> Data Ingestion <<<<<<<<<<<<<<<<<<<<<<<<<<<<<<<<<<<<<<<<
[2023-02-19 14:20:19,483] 22 root -INFO - Exporting collection data as pandas dataframe
[2023-02-19 14:20:19,483] 10 root -INFO - Reading data from database :aps and collection :sensor
[2023-02-19 14:20:27,348] 12 root -INFO - found columns:Index(['_id', 'class', 'aa_000', 'ab_000', 'ac_000', 'ad_000', 'ae_000',
       'af_000', 'ag_000', 'ag_001',
       ...
       'ee_002', 'ee_003', 'ee_004', 'ee_005', 'ee_006', 'ee_007', 'ee_008',
       'ee_009', 'ef_000', 'eg_000'],
      dtype='object', length=172)
[2023-02-19 14:20:28,077] 15 root -INFO - Row and columns in df: (36188, 171)
[2023-02-19 14:20:28,079] 28 root -INFO - Save data in feature store
[2023-02-19 14:20:29,463] 32 root -INFO - Create feature store folder if not available
[2023-02-19 14:20:29,464] 38 root -INFO - Save df to feature store folder
[2023-02-19 14:20:34,262] 42 root -INFO - split dataset into train and test set
[2023-02-19 14:20:36,244] 46 root -INFO - create dataset directory folder if not available
[2023-02-19 14:20:36,244] 51 root -INFO - Save df to feature store folder
[2023-02-19 14:20:40,590] 63 root -INFO - Data ingestion artifact: DataIngestionArtifact(feature_store_file_path='/config/workspace/artifact/02192023__142019/data_ingestion/feature_store', train_file_path='/config/workspace/artifact/02192023__142019/data_ingestion/dataset/train.csv', test_file_path='/config/workspace/artifact/02192023__142019/data_ingestion/dataset/test.csv')
[2023-02-19 14:20:41,765] 22 root -INFO - Exporting collection data as pandas dataframe
[2023-02-19 14:20:41,765] 10 root -INFO - Reading data from database :aps and collection :sensor
[2023-02-19 14:20:49,411] 12 root -INFO - found columns:Index(['_id', 'class', 'aa_000', 'ab_000', 'ac_000', 'ad_000', 'ae_000',
       'af_000', 'ag_000', 'ag_001',
       ...
       'ee_002', 'ee_003', 'ee_004', 'ee_005', 'ee_006', 'ee_007', 'ee_008',
       'ee_009', 'ef_000', 'eg_000'],
      dtype='object', length=172)
[2023-02-19 14:20:50,202] 15 root -INFO - Row and columns in df: (36188, 171)
[2023-02-19 14:20:50,203] 28 root -INFO - Save data in feature store
[2023-02-19 14:20:51,484] 32 root -INFO - Create feature store folder if not available
[2023-02-19 14:20:51,484] 38 root -INFO - Save df to feature store folder
[2023-02-19 14:20:56,323] 42 root -INFO - split dataset into train and test set
[2023-02-19 14:20:58,124] 46 root -INFO - create dataset directory folder if not available
[2023-02-19 14:20:58,124] 51 root -INFO - Save df to feature store folder
[2023-02-19 14:21:02,590] 63 root -INFO - Data ingestion artifact: DataIngestionArtifact(feature_store_file_path='/config/workspace/artifact/02192023__142019/data_ingestion/feature_store', train_file_path='/config/workspace/artifact/02192023__142019/data_ingestion/dataset/train.csv', test_file_path='/config/workspace/artifact/02192023__142019/data_ingestion/dataset/test.csv')
[2023-02-19 14:21:03,804] 16 root -INFO - >>>>>>>>>>>>>>>>>>>>>>>>>>>>>>>>>>>>>>>> Data Validation <<<<<<<<<<<<<<<<<<<<<<<<<<<<<<<<<<<<<<<<
[2023-02-19 14:21:03,805] 88 root -INFO - Reading base dataframe
[2023-02-19 14:21:09,208] 91 root -INFO - Replace na value in base df
[2023-02-19 14:21:09,209] 93 root -INFO - Drop null values colums from base df
[2023-02-19 14:21:10,964] 96 root -INFO - Reading train dataframe
[2023-02-19 14:21:11,701] 98 root -INFO - Reading test dataframe
[2023-02-19 14:21:11,885] 101 root -INFO - Drop null values colums from train df
[2023-02-19 14:21:11,931] 103 root -INFO - Drop null values colums from test df
[2023-02-19 14:21:25,112] 112 root -INFO - Is all required columns present in train df
[2023-02-19 14:21:25,113] 114 root -INFO - Is all required columns present in test df
[2023-02-19 14:21:25,113] 118 root -INFO - As all column are available in train df hence detecting data drift
[2023-02-19 14:21:31,975] 121 root -INFO - As all column are available in test df hence detecting data drift
[2023-02-19 14:21:33,889] 125 root -INFO - Write reprt in yaml file
[2023-02-19 14:21:34,064] 130 root -INFO - Data validation artifact: DataValidationArtifact(report_file_path='/config/workspace/artifact/02192023__142019/data validation/report.yaml')
