[2023-02-20 00:13:30,395] 15 root -INFO - >>>>>>>>>>>>>>>>>>>>>>>>>>>>>>>>>>>>>>>> Data Ingestion <<<<<<<<<<<<<<<<<<<<<<<<<<<<<<<<<<<<<<<<
[2023-02-20 00:13:30,395] 22 root -INFO - Exporting collection data as pandas dataframe
[2023-02-20 00:13:30,395] 12 root -INFO - Reading data from database :aps and collection :sensor
[2023-02-20 00:13:33,645] 14 root -INFO - found columns:Index(['_id', 'class', 'aa_000', 'ab_000', 'ac_000', 'ad_000', 'ae_000',
       'af_000', 'ag_000', 'ag_001',
       ...
       'ee_002', 'ee_003', 'ee_004', 'ee_005', 'ee_006', 'ee_007', 'ee_008',
       'ee_009', 'ef_000', 'eg_000'],
      dtype='object', length=172)
[2023-02-20 00:13:33,837] 17 root -INFO - Row and columns in df: (36188, 171)
[2023-02-20 00:13:33,837] 28 root -INFO - Save data in feature store
[2023-02-20 00:13:34,355] 32 root -INFO - Create feature store folder if not available
[2023-02-20 00:13:34,355] 38 root -INFO - Save df to feature store folder
[2023-02-20 00:13:36,724] 42 root -INFO - split dataset into train and test set
[2023-02-20 00:13:37,269] 46 root -INFO - create dataset directory folder if not available
[2023-02-20 00:13:37,269] 51 root -INFO - Save df to feature store folder
[2023-02-20 00:13:39,385] 63 root -INFO - Data ingestion artifact: DataIngestionArtifact(feature_store_file_path='/config/workspace/artifact/02202023__001330/data_ingestion/feature_store', train_file_path='/config/workspace/artifact/02202023__001330/data_ingestion/dataset/train.csv', test_file_path='/config/workspace/artifact/02202023__001330/data_ingestion/dataset/test.csv')
[2023-02-20 00:13:39,816] 22 root -INFO - Exporting collection data as pandas dataframe
[2023-02-20 00:13:39,816] 12 root -INFO - Reading data from database :aps and collection :sensor
[2023-02-20 00:13:43,103] 14 root -INFO - found columns:Index(['_id', 'class', 'aa_000', 'ab_000', 'ac_000', 'ad_000', 'ae_000',
       'af_000', 'ag_000', 'ag_001',
       ...
       'ee_002', 'ee_003', 'ee_004', 'ee_005', 'ee_006', 'ee_007', 'ee_008',
       'ee_009', 'ef_000', 'eg_000'],
      dtype='object', length=172)
[2023-02-20 00:13:43,295] 17 root -INFO - Row and columns in df: (36188, 171)
[2023-02-20 00:13:43,295] 28 root -INFO - Save data in feature store
[2023-02-20 00:13:43,824] 32 root -INFO - Create feature store folder if not available
[2023-02-20 00:13:43,824] 38 root -INFO - Save df to feature store folder
[2023-02-20 00:13:46,245] 42 root -INFO - split dataset into train and test set
[2023-02-20 00:13:46,822] 46 root -INFO - create dataset directory folder if not available
[2023-02-20 00:13:46,822] 51 root -INFO - Save df to feature store folder
[2023-02-20 00:13:48,970] 63 root -INFO - Data ingestion artifact: DataIngestionArtifact(feature_store_file_path='/config/workspace/artifact/02202023__001330/data_ingestion/feature_store', train_file_path='/config/workspace/artifact/02202023__001330/data_ingestion/dataset/train.csv', test_file_path='/config/workspace/artifact/02202023__001330/data_ingestion/dataset/test.csv')
[2023-02-20 00:13:49,350] 17 root -INFO - >>>>>>>>>>>>>>>>>>>>>>>>>>>>>>>>>>>>>>>> Data Validation <<<<<<<<<<<<<<<<<<<<<<<<<<<<<<<<<<<<<<<<
[2023-02-20 00:13:49,350] 89 root -INFO - Reading base dataframe
[2023-02-20 00:13:52,160] 92 root -INFO - Replace na value in base df
[2023-02-20 00:13:52,160] 94 root -INFO - Drop null values colums from base df
[2023-02-20 00:13:53,167] 97 root -INFO - Reading train dataframe
[2023-02-20 00:13:53,559] 99 root -INFO - Reading test dataframe
[2023-02-20 00:13:53,660] 102 root -INFO - Drop null values colums from train df
[2023-02-20 00:13:53,682] 104 root -INFO - Drop null values colums from test df
[2023-02-20 00:14:00,983] 113 root -INFO - Is all required columns present in train df
[2023-02-20 00:14:00,984] 115 root -INFO - Is all required columns present in test df
[2023-02-20 00:14:00,984] 119 root -INFO - As all column are available in train df hence detecting data drift
[2023-02-20 00:14:04,439] 122 root -INFO - As all column are available in test df hence detecting data drift
[2023-02-20 00:14:05,835] 126 root -INFO - Write reprt in yaml file
[2023-02-20 00:14:05,942] 131 root -INFO - Data validation artifact: DataValidationArtifact(report_file_path='/config/workspace/artifact/02202023__001330/data validation/report.yaml')
[2023-02-20 00:14:06,859] 68 root -INFO - Before resampling in training set Input: (28950, 170) Target:(28950,)
[2023-02-20 00:14:12,454] 70 root -INFO - After resampling in training set Input: (56158, 170) Target:(56158,)
[2023-02-20 00:14:12,455] 72 root -INFO - Before resampling in testing set Input: (7238, 170) Target:(7238,)
[2023-02-20 00:14:13,713] 74 root -INFO - After resampling in testing set Input: (14048, 170) Target:(14048,)
[2023-02-20 00:14:13,820] 41 root -INFO - Entered the save_object method of utils
[2023-02-20 00:14:13,823] 45 root -INFO - Exited the save_object method of utils
[2023-02-20 00:14:13,823] 41 root -INFO - Entered the save_object method of utils
[2023-02-20 00:14:13,824] 45 root -INFO - Exited the save_object method of utils
[2023-02-20 00:14:13,824] 104 root -INFO - Data transformation object DataTransformationArtifact(transform_object_path='/config/workspace/artifact/02202023__001330/data_transformation/transformer/transformer.pkl', transformed_train_path='/config/workspace/artifact/02202023__001330/data_transformation/transformed/train.npz', transformed_test_path='/config/workspace/artifact/02202023__001330/data_transformation/transformed/test.npz', target_encoder_path='/config/workspace/artifact/02202023__001330/data_transformation/target_encoder/target_encoder.pkl')
[2023-02-20 00:14:13,825] 18 root -INFO - >>>>>>>>>>>>>>>>>>>>>>>>>>>>>>>>>>>>>>>> Model Trainer <<<<<<<<<<<<<<<<<<<<<<<<<<<<<<<<<<<<<<<<
[2023-02-20 00:14:13,825] 45 root -INFO - Loading train and test array.
[2023-02-20 00:14:13,856] 49 root -INFO - Splitting input and target feature from both train and test arr.
[2023-02-20 00:14:13,856] 53 root -INFO - Train the model
[2023-02-20 00:14:22,284] 56 root -INFO - Calculating f1 train score
[2023-02-20 00:14:22,336] 60 root -INFO - Calculating f1 test score
[2023-02-20 00:14:22,353] 64 root -INFO - train score:0.9999821927809535 and tests score 0.9881898217736741
[2023-02-20 00:14:22,353] 66 root -INFO - Checking if our model is underfitting or not
[2023-02-20 00:14:22,353] 71 root -INFO - Checking if our model is overfiiting or not
[2023-02-20 00:14:22,354] 78 root -INFO - Saving mode object
[2023-02-20 00:14:22,354] 41 root -INFO - Entered the save_object method of utils
[2023-02-20 00:14:22,360] 45 root -INFO - Exited the save_object method of utils
[2023-02-20 00:14:22,360] 82 root -INFO - Prepare the artifact
[2023-02-20 00:14:22,360] 85 root -INFO - Model trainer artifact: ModelTrainerArtifact(model_path='/config/workspace/artifact/02202023__001330/model_trainer/model/model.pkl', f1_train_score=0.9999821927809535, f1_test_score=0.9881898217736741)
[2023-02-20 00:14:22,362] 14 root -INFO - >>>>>>>>>>>>>>>>>>>>>>>>>>>>>>>>>>>>>>>>  Model Evaluation <<<<<<<<<<<<<<<<<<<<<<<<<<<<<<<<<<<<<<<<
