[2023-03-01 16:07:46,584] 15 root -INFO - >>>>>>>>>>>>>>>>>>>>>>>>>>>>>>>>>>>>>>>> Data Ingestion <<<<<<<<<<<<<<<<<<<<<<<<<<<<<<<<<<<<<<<<
[2023-03-01 16:07:46,585] 22 root -INFO - Exporting collection data as pandas dataframe
[2023-03-01 16:07:46,585] 12 root -INFO - Reading data from database :aps and collection :sensor
[2023-03-01 16:07:58,523] 14 root -INFO - found columns:Index(['_id', 'class', 'aa_000', 'ab_000', 'ac_000', 'ad_000', 'ae_000',
       'af_000', 'ag_000', 'ag_001',
       ...
       'ee_002', 'ee_003', 'ee_004', 'ee_005', 'ee_006', 'ee_007', 'ee_008',
       'ee_009', 'ef_000', 'eg_000'],
      dtype='object', length=172)
[2023-03-01 16:07:59,620] 17 root -INFO - Row and columns in df: (36188, 171)
[2023-03-01 16:07:59,620] 28 root -INFO - Save data in feature store
[2023-03-01 16:08:01,478] 32 root -INFO - Create feature store folder if not available
[2023-03-01 16:08:01,479] 38 root -INFO - Save df to feature store folder
[2023-03-01 16:08:06,888] 42 root -INFO - split dataset into train and test set
[2023-03-01 16:08:09,631] 46 root -INFO - create dataset directory folder if not available
[2023-03-01 16:08:09,631] 51 root -INFO - Save df to feature store folder
[2023-03-01 16:08:14,765] 63 root -INFO - Data ingestion artifact: DataIngestionArtifact(feature_store_file_path='/config/workspace/artifact/03012023__160746/data_ingestion/feature_store', train_file_path='/config/workspace/artifact/03012023__160746/data_ingestion/dataset/train.csv', test_file_path='/config/workspace/artifact/03012023__160746/data_ingestion/dataset/test.csv')
[2023-03-01 16:08:16,452] 22 root -INFO - Exporting collection data as pandas dataframe
[2023-03-01 16:08:16,452] 12 root -INFO - Reading data from database :aps and collection :sensor
[2023-03-01 16:08:25,463] 14 root -INFO - found columns:Index(['_id', 'class', 'aa_000', 'ab_000', 'ac_000', 'ad_000', 'ae_000',
       'af_000', 'ag_000', 'ag_001',
       ...
       'ee_002', 'ee_003', 'ee_004', 'ee_005', 'ee_006', 'ee_007', 'ee_008',
       'ee_009', 'ef_000', 'eg_000'],
      dtype='object', length=172)
[2023-03-01 16:08:26,349] 17 root -INFO - Row and columns in df: (36188, 171)
[2023-03-01 16:08:26,350] 28 root -INFO - Save data in feature store
[2023-03-01 16:08:27,901] 32 root -INFO - Create feature store folder if not available
[2023-03-01 16:08:27,901] 38 root -INFO - Save df to feature store folder
[2023-03-01 16:08:33,275] 42 root -INFO - split dataset into train and test set
[2023-03-01 16:08:35,447] 46 root -INFO - create dataset directory folder if not available
[2023-03-01 16:08:35,448] 51 root -INFO - Save df to feature store folder
[2023-03-01 16:08:40,423] 63 root -INFO - Data ingestion artifact: DataIngestionArtifact(feature_store_file_path='/config/workspace/artifact/03012023__160746/data_ingestion/feature_store', train_file_path='/config/workspace/artifact/03012023__160746/data_ingestion/dataset/train.csv', test_file_path='/config/workspace/artifact/03012023__160746/data_ingestion/dataset/test.csv')
[2023-03-01 16:08:41,812] 17 root -INFO - >>>>>>>>>>>>>>>>>>>>>>>>>>>>>>>>>>>>>>>> Data Validation <<<<<<<<<<<<<<<<<<<<<<<<<<<<<<<<<<<<<<<<
[2023-03-01 16:08:41,812] 89 root -INFO - Reading base dataframe
[2023-03-01 16:08:48,083] 92 root -INFO - Replace na value in base df
[2023-03-01 16:08:48,084] 94 root -INFO - Drop null values colums from base df
[2023-03-01 16:08:49,854] 97 root -INFO - Reading train dataframe
[2023-03-01 16:08:50,759] 99 root -INFO - Reading test dataframe
[2023-03-01 16:08:50,978] 102 root -INFO - Drop null values colums from train df
[2023-03-01 16:08:51,030] 104 root -INFO - Drop null values colums from test df
[2023-03-01 16:09:08,091] 113 root -INFO - Is all required columns present in train df
[2023-03-01 16:09:08,092] 115 root -INFO - Is all required columns present in test df
[2023-03-01 16:09:08,093] 119 root -INFO - As all column are available in train df hence detecting data drift
[2023-03-01 16:09:12,932] 122 root -INFO - As all column are available in test df hence detecting data drift
[2023-03-01 16:09:15,011] 126 root -INFO - Write reprt in yaml file
[2023-03-01 16:09:15,188] 131 root -INFO - Data validation artifact: DataValidationArtifact(report_file_path='/config/workspace/artifact/03012023__160746/data validation/report.yaml')
[2023-03-01 16:09:17,089] 68 root -INFO - Before resampling in training set Input: (28950, 170) Target:(28950,)
[2023-03-01 16:10:36,263] 70 root -INFO - After resampling in training set Input: (56164, 170) Target:(56164,)
[2023-03-01 16:10:36,264] 72 root -INFO - Before resampling in testing set Input: (7238, 170) Target:(7238,)
[2023-03-01 16:10:52,694] 74 root -INFO - After resampling in testing set Input: (14010, 170) Target:(14010,)
[2023-03-01 16:10:52,994] 41 root -INFO - Entered the save_object method of utils
[2023-03-01 16:10:53,000] 45 root -INFO - Exited the save_object method of utils
[2023-03-01 16:10:53,000] 41 root -INFO - Entered the save_object method of utils
[2023-03-01 16:10:53,002] 45 root -INFO - Exited the save_object method of utils
[2023-03-01 16:10:53,002] 104 root -INFO - Data transformation object DataTransformationArtifact(transform_object_path='/config/workspace/artifact/03012023__160746/data_transformation/transformer/transformer.pkl', transformed_train_path='/config/workspace/artifact/03012023__160746/data_transformation/transformed/train.npz', transformed_test_path='/config/workspace/artifact/03012023__160746/data_transformation/transformed/test.npz', target_encoder_path='/config/workspace/artifact/03012023__160746/data_transformation/target_encoder/target_encoder.pkl')
[2023-03-01 16:10:53,005] 18 root -INFO - >>>>>>>>>>>>>>>>>>>>>>>>>>>>>>>>>>>>>>>> Model Trainer <<<<<<<<<<<<<<<<<<<<<<<<<<<<<<<<<<<<<<<<
[2023-03-01 16:10:53,006] 45 root -INFO - Loading train and test array.
[2023-03-01 16:10:53,085] 49 root -INFO - Splitting input and target feature from both train and test arr.
[2023-03-01 16:10:53,085] 53 root -INFO - Train the model
[2023-03-01 16:20:13,936] 56 root -INFO - Calculating f1 train score
[2023-03-01 16:20:14,370] 60 root -INFO - Calculating f1 test score
[2023-03-01 16:20:14,764] 64 root -INFO - train score:0.9999821946833325 and tests score 0.9756558389651915
[2023-03-01 16:20:14,765] 66 root -INFO - Checking if our model is underfitting or not
[2023-03-01 16:20:14,765] 71 root -INFO - Checking if our model is overfiiting or not
[2023-03-01 16:20:14,765] 78 root -INFO - Saving mode object
[2023-03-01 16:20:14,765] 41 root -INFO - Entered the save_object method of utils
[2023-03-01 16:20:14,889] 45 root -INFO - Exited the save_object method of utils
[2023-03-01 16:20:14,889] 82 root -INFO - Prepare the artifact
[2023-03-01 16:20:14,889] 85 root -INFO - Model trainer artifact: ModelTrainerArtifact(model_path='/config/workspace/artifact/03012023__160746/model_trainer/model/model.pkl', f1_train_score=0.9999821946833325, f1_test_score=0.9756558389651915)
[2023-03-01 16:20:14,900] 19 root -INFO - >>>>>>>>>>>>>>>>>>>>>>>>>>>>>>>>>>>>>>>>  Model Evaluation <<<<<<<<<<<<<<<<<<<<<<<<<<<<<<<<<<<<<<<<
[2023-03-01 16:20:14,900] 35 root -INFO - if saved model folder has model the we will compare which model is best trained or the model from saved model folder
[2023-03-01 16:20:14,900] 46 root -INFO - Finding location of transformer model and target encoder
[2023-03-01 16:20:14,901] 51 root -INFO - Previous trained objects of transformer, model and target encoder
